[     253ms] [INFO] Resource Sentinel initialized... @ https://www.notion.so/33df434c6a4580a78ebdd6116b2ad4aa:0
[     440ms] [INFO] 2026-04-20T01:37:43.085Z [info] FeatureFlagTransactionQueue: preferIndexedDB {team: no-team-specified} @ https://www.notion.so/_assets/app-e8e6351895ffe60f.js:67
[     513ms] [INFO] 2026-04-20T01:37:43.159Z [info] PageLoader: loserAborted {data: Object} @ https://www.notion.so/_assets/app-e8e6351895ffe60f.js:67
[     577ms] [INFO] 2026-04-20T01:37:43.223Z [info] appHelpers: shouldShowError {data: Object} @ https://www.notion.so/_assets/app-e8e6351895ffe60f.js:67
[     583ms] [INFO] 2026-04-20T01:37:43.229Z [info] appHelpers: shouldShowError {data: Object} @ https://www.notion.so/_assets/app-e8e6351895ffe60f.js:67
[     585ms] [WARNING] Ignoring inability to install OPFS sqlite3_vfs: Cannot install OPFS: Missing SharedArrayBuffer and/or Atomics. The server must emit the COOP/COEP response headers to enable those. See https://sqlite.org/wasm/doc/trunk/persistence.md#coop-coep @ https://www.notion.so/_assets/wasm-sqlite-worker-9ac1f49cf5211640.js:0
[     597ms] [LOG] %c
	nnnnnnnnnnnnnnnnnnnnnnnnnnnnnn
	nnnn                         nnnn
	nnnnnnn                          nnnn
	nnnnnnnnnnnnnnnnnnnnnnnnnnnnnnnnnnnnnn
	nnnnnnnnnnnnnnnnnnnnnnnnnnnnnnnnnnnnnn
	nnnnnnnn                           nnn
	nnnnnnnn    nnnnnnnn     nnnnnnn   nnn
	nnnnnnnn      nnnnnnn      nnn     nnn
	nnnnnnnn      nnnnnnnn     nnn     nnn
	nnnnnnnn      nnnnnnnnnn   nnn     nnn
	nnnnnnnn      nnn nnnnnnn  nnn     nnn
	nnnnnnnn      nnn  nnnnnnnnnnn     nnn
	nnnnnnnn      nnn   nnnnnnnnnn     nnn
	nnnnnnnn      nnn     nnnnnnnn     nnn
	nnnnnnnn      nnn      nnnnnnn     nnn
	nnnnnnnn    nnnnnnnn    nnnnnn     nnn
	  nnnnnn                           nnn
		nnnnnnnnnnnnnnnnnnnnnnnnnnnnnnnnnn		We're hiring!
		  nnnnnnnnnnnnnnnnnnnnnnnnnnnnnnnn		notion.so/careers

	“yeah, I would probably eat a lemon for one hundred dollars” -- Ivan Zhao (2023-07-14)
				  font-family: monospace @ https://www.notion.so/_assets/mainApp-1f5a955de09e0a4c.js:0
[     813ms] [INFO] 2026-04-20T01:37:43.459Z [info] useExpPingPolling: exp_ping_success {data: Object} @ https://www.notion.so/_assets/app-e8e6351895ffe60f.js:67
[     831ms] [LOG] [NBO] Console helpers loaded. Try __console.nbo.presets @ https://www.notion.so/_assets/nbo-console-2e362e387ebbb902.js:0
[     850ms] [INFO] 2026-04-20T01:37:43.495Z [error] handleRestrictedStateForResponse: callApi {data: Object} @ https://www.notion.so/_assets/app-e8e6351895ffe60f.js:67
[     877ms] [INFO] 2026-04-20T01:37:43.522Z [info] syncRecordValuesBatched: recordPointerMissingSpaceId {actor: Object, data: Object} @ https://www.notion.so/_assets/app-e8e6351895ffe60f.js:67
[     890ms] [WARNING] Amplitude Logger [Warn]: Event not tracked, no destination plugins on the instance @ https://www.notion.so/_assets/transport-support-ba721c6e8ff031b7.js:0
[     890ms] [INFO] 2026-04-20T01:37:43.536Z [error] eventTrailApiHelpers: trackFailure {error: Object} @ https://www.notion.so/_assets/app-e8e6351895ffe60f.js:67
[     893ms] [INFO] 2026-04-20T01:37:43.538Z [info] sqliteSchemaHelpers: attemptFastForwardMigration {data: Object} @ https://www.notion.so/_assets/app-e8e6351895ffe60f.js:67
[     978ms] [INFO] 2026-04-20T01:37:43.624Z [info] sqliteSchemaHelpers: successfulFastForwardMigration {data: Object} @ https://www.notion.so/_assets/app-e8e6351895ffe60f.js:67
[    1224ms] [INFO] 2026-04-20T01:37:43.869Z [info] appHelpers: shouldShowError {data: Object} @ https://www.notion.so/_assets/18763-ac619dd144d51998.js:472
[    1266ms] [INFO] 2026-04-20T01:37:43.912Z [info] pageError: pageError {data: Object} @ https://www.notion.so/_assets/18763-ac619dd144d51998.js:472
[    1268ms] [INFO] 2026-04-20T01:37:43.913Z [info] appHelpers: shouldShowError {data: Object} @ https://www.notion.so/_assets/18763-ac619dd144d51998.js:472
[    1435ms] [ERROR] Failed to load resource: the server responded with a status of 401 () @ https://www.notion.so/api/v3/recordPageExit:0
[    1477ms] [INFO] 2026-04-20T01:37:44.122Z [error] handleRestrictedStateForResponse: callApi {data: Object} @ https://www.notion.so/_assets/18763-ac619dd144d51998.js:472
[    1581ms] [ERROR] HttpRequestError: Received HTTP 401
    at u (https://www.notion.so/_assets/ClientFramework-4d04de7c7615d002.js:1:47941)
    at async m (https://www.notion.so/_assets/ClientFramework-4d04de7c7615d002.js:1:49789)
    at async r (https://www.notion.so/_assets/app-e8e6351895ffe60f.js:1:184080)
    at async l (https://www.notion.so/_assets/77716-0485c2b5d87a3071.js:6:313932) @ https://www.notion.so/_assets/18763-ac619dd144d51998.js:472
[    1581ms] [INFO] 2026-04-20T01:37:44.227Z [error] api: httpTrigger401 {data: Object} @ https://www.notion.so/_assets/18763-ac619dd144d51998.js:472
[    1821ms] [ERROR] Failed to load resource: the server responded with a status of 403 () @ https://cdn.metadata.io/pixel/config/1127.json:0
[    2962ms] [INFO] 2026-04-20T01:37:45.607Z [error] handleRestrictedStateForResponse: callApi {data: Object} @ https://www.notion.so/_assets/18763-ac619dd144d51998.js:472
[    8838ms] [ERROR] Cross-Origin-Opener-Policy policy would block the window.closed call. @ https://www.notion.so/_assets/77716-0485c2b5d87a3071.js:110
[    8838ms] [ERROR] Cross-Origin-Opener-Policy policy would block the window.closed call. @ https://www.notion.so/_assets/77716-0485c2b5d87a3071.js:110
[   30764ms] [INFO] 2026-04-20T01:38:13.410Z [info] useExpPingPolling: exp_ping_success {data: Object} @ https://www.notion.so/_assets/18763-ac619dd144d51998.js:472
[   60766ms] [INFO] 2026-04-20T01:38:43.411Z [info] useExpPingPolling: exp_ping_success {data: Object} @ https://www.notion.so/_assets/18763-ac619dd144d51998.js:472
[   90764ms] [INFO] 2026-04-20T01:39:13.410Z [info] useExpPingPolling: exp_ping_success {data: Object} @ https://www.notion.so/_assets/18763-ac619dd144d51998.js:472
[  120761ms] [INFO] 2026-04-20T01:39:43.407Z [info] useExpPingPolling: exp_ping_success {data: Object} @ https://www.notion.so/_assets/18763-ac619dd144d51998.js:472
[  150770ms] [INFO] 2026-04-20T01:40:13.415Z [info] useExpPingPolling: exp_ping_success {data: Object} @ https://www.notion.so/_assets/18763-ac619dd144d51998.js:472
[  180770ms] [INFO] 2026-04-20T01:40:43.415Z [info] useExpPingPolling: exp_ping_success {data: Object} @ https://www.notion.so/_assets/18763-ac619dd144d51998.js:472
[  210766ms] [INFO] 2026-04-20T01:41:13.411Z [info] useExpPingPolling: exp_ping_success {data: Object} @ https://www.notion.so/_assets/18763-ac619dd144d51998.js:472
[  233631ms] [INFO] 2026-04-20T01:41:36.276Z [info] syncRecordValuesBatched: recordPointerMissingSpaceId {actor: Object, data: Object} @ https://www.notion.so/_assets/18763-ac619dd144d51998.js:472
[  240778ms] [INFO] 2026-04-20T01:41:43.424Z [info] useExpPingPolling: exp_ping_success {data: Object} @ https://www.notion.so/_assets/18763-ac619dd144d51998.js:472
[  270768ms] [INFO] 2026-04-20T01:42:13.414Z [info] useExpPingPolling: exp_ping_success {data: Object} @ https://www.notion.so/_assets/18763-ac619dd144d51998.js:472
[  300771ms] [INFO] 2026-04-20T01:42:43.416Z [info] useExpPingPolling: exp_ping_success {data: Object} @ https://www.notion.so/_assets/18763-ac619dd144d51998.js:472
[  322406ms] [INFO] 2026-04-20T01:43:05.051Z [info] syncRecordValuesBatched: recordPointerMissingSpaceId {actor: Object, data: Object} @ https://www.notion.so/_assets/18763-ac619dd144d51998.js:472
[  330766ms] [INFO] 2026-04-20T01:43:13.412Z [info] useExpPingPolling: exp_ping_success {data: Object} @ https://www.notion.so/_assets/18763-ac619dd144d51998.js:472
[  360766ms] [INFO] 2026-04-20T01:43:43.412Z [info] useExpPingPolling: exp_ping_success {data: Object} @ https://www.notion.so/_assets/18763-ac619dd144d51998.js:472
[  390764ms] [INFO] 2026-04-20T01:44:13.409Z [info] useExpPingPolling: exp_ping_success {data: Object} @ https://www.notion.so/_assets/18763-ac619dd144d51998.js:472
[  399246ms] [INFO] 2026-04-20T01:44:21.891Z [info] syncRecordValuesBatched: recordPointerMissingSpaceId {actor: Object, data: Object} @ https://www.notion.so/_assets/18763-ac619dd144d51998.js:472
[  420765ms] [INFO] 2026-04-20T01:44:43.410Z [info] useExpPingPolling: exp_ping_success {data: Object} @ https://www.notion.so/_assets/18763-ac619dd144d51998.js:472
[  421023ms] [INFO] 2026-04-20T01:44:43.669Z [info] syncRecordValuesBatched: recordPointerMissingSpaceId {actor: Object, data: Object} @ https://www.notion.so/_assets/18763-ac619dd144d51998.js:472
[  450765ms] [INFO] 2026-04-20T01:45:13.410Z [info] useExpPingPolling: exp_ping_success {data: Object} @ https://www.notion.so/_assets/18763-ac619dd144d51998.js:472
[  480767ms] [INFO] 2026-04-20T01:45:43.412Z [info] useExpPingPolling: exp_ping_success {data: Object} @ https://www.notion.so/_assets/18763-ac619dd144d51998.js:472
[  510778ms] [INFO] 2026-04-20T01:46:13.424Z [info] useExpPingPolling: exp_ping_success {data: Object} @ https://www.notion.so/_assets/18763-ac619dd144d51998.js:472
[  539509ms] [INFO] 2026-04-20T01:46:42.155Z [info] syncRecordValuesBatched: recordPointerMissingSpaceId {actor: Object, data: Object} @ https://www.notion.so/_assets/18763-ac619dd144d51998.js:472
[  540771ms] [INFO] 2026-04-20T01:46:43.416Z [info] useExpPingPolling: exp_ping_success {data: Object} @ https://www.notion.so/_assets/18763-ac619dd144d51998.js:472
[  570769ms] [INFO] 2026-04-20T01:47:13.414Z [info] useExpPingPolling: exp_ping_success {data: Object} @ https://www.notion.so/_assets/18763-ac619dd144d51998.js:472
[  600776ms] [INFO] 2026-04-20T01:47:43.421Z [info] useExpPingPolling: exp_ping_success {data: Object} @ https://www.notion.so/_assets/18763-ac619dd144d51998.js:472
[  629424ms] [INFO] 2026-04-20T01:48:12.070Z [info] syncRecordValuesBatched: recordPointerMissingSpaceId {actor: Object, data: Object} @ https://www.notion.so/_assets/18763-ac619dd144d51998.js:472
[  630769ms] [INFO] 2026-04-20T01:48:13.415Z [info] useExpPingPolling: exp_ping_success {data: Object} @ https://www.notion.so/_assets/18763-ac619dd144d51998.js:472
[  660772ms] [INFO] 2026-04-20T01:48:43.417Z [info] useExpPingPolling: exp_ping_success {data: Object} @ https://www.notion.so/_assets/18763-ac619dd144d51998.js:472
[  690776ms] [INFO] 2026-04-20T01:49:13.422Z [info] useExpPingPolling: exp_ping_success {data: Object} @ https://www.notion.so/_assets/18763-ac619dd144d51998.js:472
[  707065ms] [INFO] 2026-04-20T01:49:29.711Z [info] syncRecordValuesBatched: recordPointerMissingSpaceId {actor: Object, data: Object} @ https://www.notion.so/_assets/18763-ac619dd144d51998.js:472
[  720773ms] [INFO] 2026-04-20T01:49:43.418Z [info] useExpPingPolling: exp_ping_success {data: Object} @ https://www.notion.so/_assets/18763-ac619dd144d51998.js:472
[  725593ms] [INFO] 2026-04-20T01:49:48.238Z [info] syncRecordValuesBatched: recordPointerMissingSpaceId {actor: Object, data: Object} @ https://www.notion.so/_assets/18763-ac619dd144d51998.js:472
[  750768ms] [INFO] 2026-04-20T01:50:13.413Z [info] useExpPingPolling: exp_ping_success {data: Object} @ https://www.notion.so/_assets/18763-ac619dd144d51998.js:472
[  780771ms] [INFO] 2026-04-20T01:50:43.416Z [info] useExpPingPolling: exp_ping_success {data: Object} @ https://www.notion.so/_assets/18763-ac619dd144d51998.js:472
[  810772ms] [INFO] 2026-04-20T01:51:13.418Z [info] useExpPingPolling: exp_ping_success {data: Object} @ https://www.notion.so/_assets/18763-ac619dd144d51998.js:472
[  827900ms] [INFO] 2026-04-20T01:51:30.545Z [info] syncRecordValuesBatched: recordPointerMissingSpaceId {actor: Object, data: Object} @ https://www.notion.so/_assets/18763-ac619dd144d51998.js:472
[  837470ms] [INFO] 2026-04-20T01:51:40.116Z [info] syncRecordValuesBatched: recordPointerMissingSpaceId {actor: Object, data: Object} @ https://www.notion.so/_assets/18763-ac619dd144d51998.js:472
[  840772ms] [INFO] 2026-04-20T01:51:43.418Z [info] useExpPingPolling: exp_ping_success {data: Object} @ https://www.notion.so/_assets/18763-ac619dd144d51998.js:472
[  851749ms] [INFO] 2026-04-20T01:51:54.394Z [info] syncRecordValuesBatched: recordPointerMissingSpaceId {actor: Object, data: Object} @ https://www.notion.so/_assets/18763-ac619dd144d51998.js:472
[  854960ms] [INFO] 2026-04-20T01:51:57.605Z [info] syncRecordValuesBatched: recordPointerMissingSpaceId {actor: Object, data: Object} @ https://www.notion.so/_assets/18763-ac619dd144d51998.js:472
[  858062ms] [INFO] 2026-04-20T01:52:00.708Z [info] syncRecordValuesBatched: recordPointerMissingSpaceId {actor: Object, data: Object} @ https://www.notion.so/_assets/18763-ac619dd144d51998.js:472
[  861637ms] [INFO] 2026-04-20T01:52:04.283Z [info] syncRecordValuesBatched: recordPointerMissingSpaceId {actor: Object, data: Object} @ https://www.notion.so/_assets/18763-ac619dd144d51998.js:472
[  866320ms] [INFO] 2026-04-20T01:52:08.965Z [info] syncRecordValuesBatched: recordPointerMissingSpaceId {actor: Object, data: Object} @ https://www.notion.so/_assets/18763-ac619dd144d51998.js:472
[  870773ms] [INFO] 2026-04-20T01:52:13.418Z [info] useExpPingPolling: exp_ping_success {data: Object} @ https://www.notion.so/_assets/18763-ac619dd144d51998.js:472
[  875050ms] [INFO] 2026-04-20T01:52:17.695Z [info] syncRecordValuesBatched: recordPointerMissingSpaceId {actor: Object, data: Object} @ https://www.notion.so/_assets/18763-ac619dd144d51998.js:472
[  882506ms] [INFO] 2026-04-20T01:52:25.151Z [info] syncRecordValuesBatched: recordPointerMissingSpaceId {actor: Object, data: Object} @ https://www.notion.so/_assets/18763-ac619dd144d51998.js:472
[  885048ms] [INFO] 2026-04-20T01:52:27.693Z [info] syncRecordValuesBatched: recordPointerMissingSpaceId {actor: Object, data: Object} @ https://www.notion.so/_assets/18763-ac619dd144d51998.js:472
[  890853ms] [INFO] 2026-04-20T01:52:33.498Z [info] syncRecordValuesBatched: recordPointerMissingSpaceId {actor: Object, data: Object} @ https://www.notion.so/_assets/18763-ac619dd144d51998.js:472
[  893469ms] [INFO] 2026-04-20T01:52:36.114Z [info] syncRecordValuesBatched: recordPointerMissingSpaceId {actor: Object, data: Object} @ https://www.notion.so/_assets/18763-ac619dd144d51998.js:472
[  900769ms] [INFO] 2026-04-20T01:52:43.415Z [info] useExpPingPolling: exp_ping_success {data: Object} @ https://www.notion.so/_assets/18763-ac619dd144d51998.js:472
[  930755ms] [INFO] 2026-04-20T01:53:13.401Z [info] useExpPingPolling: exp_ping_success {data: Object} @ https://www.notion.so/_assets/18763-ac619dd144d51998.js:472
[  960761ms] [INFO] 2026-04-20T01:53:43.406Z [info] useExpPingPolling: exp_ping_success {data: Object} @ https://www.notion.so/_assets/18763-ac619dd144d51998.js:472
[  990750ms] [INFO] 2026-04-20T01:54:13.395Z [info] useExpPingPolling: exp_ping_success {data: Object} @ https://www.notion.so/_assets/18763-ac619dd144d51998.js:472
[ 1020754ms] [INFO] 2026-04-20T01:54:43.399Z [info] useExpPingPolling: exp_ping_success {data: Object} @ https://www.notion.so/_assets/18763-ac619dd144d51998.js:472
[ 1050763ms] [INFO] 2026-04-20T01:55:13.409Z [info] useExpPingPolling: exp_ping_success {data: Object} @ https://www.notion.so/_assets/18763-ac619dd144d51998.js:472
[ 1080749ms] [INFO] 2026-04-20T01:55:43.394Z [info] useExpPingPolling: exp_ping_success {data: Object} @ https://www.notion.so/_assets/18763-ac619dd144d51998.js:472
[ 1110753ms] [INFO] 2026-04-20T01:56:13.398Z [info] useExpPingPolling: exp_ping_success {data: Object} @ https://www.notion.so/_assets/18763-ac619dd144d51998.js:472
[ 1134547ms] [INFO] 2026-04-20T01:56:37.193Z [info] syncRecordValuesBatched: recordPointerMissingSpaceId {actor: Object, data: Object} @ https://www.notion.so/_assets/18763-ac619dd144d51998.js:472
[ 1140756ms] [INFO] 2026-04-20T01:56:43.401Z [info] useExpPingPolling: exp_ping_success {data: Object} @ https://www.notion.so/_assets/18763-ac619dd144d51998.js:472
[ 1145358ms] [INFO] 2026-04-20T01:56:48.003Z [info] syncRecordValuesBatched: recordPointerMissingSpaceId {actor: Object, data: Object} @ https://www.notion.so/_assets/18763-ac619dd144d51998.js:472
[ 1147597ms] [INFO] 2026-04-20T01:56:50.242Z [info] syncRecordValuesBatched: recordPointerMissingSpaceId {actor: Object, data: Object} @ https://www.notion.so/_assets/18763-ac619dd144d51998.js:472
[ 1156234ms] [INFO] 2026-04-20T01:56:58.879Z [info] syncRecordValuesBatched: recordPointerMissingSpaceId {actor: Object, data: Object} @ https://www.notion.so/_assets/18763-ac619dd144d51998.js:472
[ 1161094ms] [INFO] 2026-04-20T01:57:03.740Z [info] syncRecordValuesBatched: recordPointerMissingSpaceId {actor: Object, data: Object} @ https://www.notion.so/_assets/18763-ac619dd144d51998.js:472
[ 1163166ms] [INFO] 2026-04-20T01:57:05.812Z [info] syncRecordValuesBatched: recordPointerMissingSpaceId {actor: Object, data: Object} @ https://www.notion.so/_assets/18763-ac619dd144d51998.js:472
[ 1165952ms] [INFO] 2026-04-20T01:57:08.597Z [info] syncRecordValuesBatched: recordPointerMissingSpaceId {actor: Object, data: Object} @ https://www.notion.so/_assets/18763-ac619dd144d51998.js:472
[ 1170753ms] [INFO] 2026-04-20T01:57:13.398Z [info] useExpPingPolling: exp_ping_success {data: Object} @ https://www.notion.so/_assets/18763-ac619dd144d51998.js:472
[ 1171257ms] [INFO] 2026-04-20T01:57:13.903Z [info] syncRecordValuesBatched: recordPointerMissingSpaceId {actor: Object, data: Object} @ https://www.notion.so/_assets/18763-ac619dd144d51998.js:472
[ 1173754ms] [INFO] 2026-04-20T01:57:16.399Z [info] syncRecordValuesBatched: recordPointerMissingSpaceId {actor: Object, data: Object} @ https://www.notion.so/_assets/18763-ac619dd144d51998.js:472
[ 1178729ms] [INFO] 2026-04-20T01:57:21.374Z [info] syncRecordValuesBatched: recordPointerMissingSpaceId {actor: Object, data: Object} @ https://www.notion.so/_assets/18763-ac619dd144d51998.js:472
[ 1182183ms] [INFO] 2026-04-20T01:57:24.828Z [info] syncRecordValuesBatched: recordPointerMissingSpaceId {actor: Object, data: Object} @ https://www.notion.so/_assets/18763-ac619dd144d51998.js:472
[ 1187084ms] [INFO] 2026-04-20T01:57:29.730Z [info] syncRecordValuesBatched: recordPointerMissingSpaceId {actor: Object, data: Object} @ https://www.notion.so/_assets/18763-ac619dd144d51998.js:472
[ 1191909ms] [INFO] 2026-04-20T01:57:34.554Z [info] syncRecordValuesBatched: recordPointerMissingSpaceId {actor: Object, data: Object} @ https://www.notion.so/_assets/18763-ac619dd144d51998.js:472
[ 1194534ms] [INFO] 2026-04-20T01:57:37.179Z [info] syncRecordValuesBatched: recordPointerMissingSpaceId {actor: Object, data: Object} @ https://www.notion.so/_assets/18763-ac619dd144d51998.js:472
[ 1198244ms] [INFO] 2026-04-20T01:57:40.889Z [info] syncRecordValuesBatched: recordPointerMissingSpaceId {actor: Object, data: Object} @ https://www.notion.so/_assets/18763-ac619dd144d51998.js:472
[ 1200420ms] [INFO] 2026-04-20T01:57:43.065Z [info] syncRecordValuesBatched: recordPointerMissingSpaceId {actor: Object, data: Object} @ https://www.notion.so/_assets/18763-ac619dd144d51998.js:472
[ 1200759ms] [INFO] 2026-04-20T01:57:43.404Z [info] useExpPingPolling: exp_ping_success {data: Object} @ https://www.notion.so/_assets/18763-ac619dd144d51998.js:472
[ 1230751ms] [INFO] 2026-04-20T01:58:13.397Z [info] useExpPingPolling: exp_ping_success {data: Object} @ https://www.notion.so/_assets/18763-ac619dd144d51998.js:472
[ 1260755ms] [INFO] 2026-04-20T01:58:43.401Z [info] useExpPingPolling: exp_ping_success {data: Object} @ https://www.notion.so/_assets/18763-ac619dd144d51998.js:472
[ 1290758ms] [INFO] 2026-04-20T01:59:13.404Z [info] useExpPingPolling: exp_ping_success {data: Object} @ https://www.notion.so/_assets/18763-ac619dd144d51998.js:472
[ 1320755ms] [INFO] 2026-04-20T01:59:43.400Z [info] useExpPingPolling: exp_ping_success {data: Object} @ https://www.notion.so/_assets/18763-ac619dd144d51998.js:472
[ 1350756ms] [INFO] 2026-04-20T02:00:13.402Z [info] useExpPingPolling: exp_ping_success {data: Object} @ https://www.notion.so/_assets/18763-ac619dd144d51998.js:472
[ 1380756ms] [INFO] 2026-04-20T02:00:43.402Z [info] useExpPingPolling: exp_ping_success {data: Object} @ https://www.notion.so/_assets/18763-ac619dd144d51998.js:472
[ 1410756ms] [INFO] 2026-04-20T02:01:13.402Z [info] useExpPingPolling: exp_ping_success {data: Object} @ https://www.notion.so/_assets/18763-ac619dd144d51998.js:472
[ 1412339ms] [INFO] 2026-04-20T02:01:14.984Z [info] syncRecordValuesBatched: recordPointerMissingSpaceId {actor: Object, data: Object} @ https://www.notion.so/_assets/18763-ac619dd144d51998.js:472
[ 1440753ms] [INFO] 2026-04-20T02:01:43.398Z [info] useExpPingPolling: exp_ping_success {data: Object} @ https://www.notion.so/_assets/18763-ac619dd144d51998.js:472
[ 1470757ms] [INFO] 2026-04-20T02:02:13.402Z [info] useExpPingPolling: exp_ping_success {data: Object} @ https://www.notion.so/_assets/18763-ac619dd144d51998.js:472
[ 1500753ms] [INFO] 2026-04-20T02:02:43.399Z [info] useExpPingPolling: exp_ping_success {data: Object} @ https://www.notion.so/_assets/18763-ac619dd144d51998.js:472
[ 1530748ms] [INFO] 2026-04-20T02:03:13.393Z [info] useExpPingPolling: exp_ping_success {data: Object} @ https://www.notion.so/_assets/18763-ac619dd144d51998.js:472
[ 1560758ms] [INFO] 2026-04-20T02:03:43.403Z [info] useExpPingPolling: exp_ping_success {data: Object} @ https://www.notion.so/_assets/18763-ac619dd144d51998.js:472
[ 1590754ms] [INFO] 2026-04-20T02:04:13.399Z [info] useExpPingPolling: exp_ping_success {data: Object} @ https://www.notion.so/_assets/18763-ac619dd144d51998.js:472
[ 1620755ms] [INFO] 2026-04-20T02:04:43.400Z [info] useExpPingPolling: exp_ping_success {data: Object} @ https://www.notion.so/_assets/18763-ac619dd144d51998.js:472
[ 1650753ms] [INFO] 2026-04-20T02:05:13.399Z [info] useExpPingPolling: exp_ping_success {data: Object} @ https://www.notion.so/_assets/18763-ac619dd144d51998.js:472
[ 1680757ms] [INFO] 2026-04-20T02:05:43.403Z [info] useExpPingPolling: exp_ping_success {data: Object} @ https://www.notion.so/_assets/18763-ac619dd144d51998.js:472
[ 1710750ms] [INFO] 2026-04-20T02:06:13.395Z [info] useExpPingPolling: exp_ping_success {data: Object} @ https://www.notion.so/_assets/18763-ac619dd144d51998.js:472
[ 1717966ms] [INFO] 2026-04-20T02:06:20.612Z [info] syncRecordValuesBatched: recordPointerMissingSpaceId {actor: Object, data: Object} @ https://www.notion.so/_assets/18763-ac619dd144d51998.js:472
[ 1720930ms] [INFO] 2026-04-20T02:06:23.575Z [info] syncRecordValuesBatched: recordPointerMissingSpaceId {actor: Object, data: Object} @ https://www.notion.so/_assets/18763-ac619dd144d51998.js:472
[ 1740767ms] [INFO] 2026-04-20T02:06:43.412Z [info] useExpPingPolling: exp_ping_success {data: Object} @ https://www.notion.so/_assets/18763-ac619dd144d51998.js:472
[ 1770754ms] [INFO] 2026-04-20T02:07:13.400Z [info] useExpPingPolling: exp_ping_success {data: Object} @ https://www.notion.so/_assets/18763-ac619dd144d51998.js:472
[ 1800755ms] [INFO] 2026-04-20T02:07:43.400Z [info] useExpPingPolling: exp_ping_success {data: Object} @ https://www.notion.so/_assets/18763-ac619dd144d51998.js:472
[ 1830767ms] [INFO] 2026-04-20T02:08:13.413Z [info] useExpPingPolling: exp_ping_success {data: Object} @ https://www.notion.so/_assets/18763-ac619dd144d51998.js:472
[ 1860758ms] [INFO] 2026-04-20T02:08:43.404Z [info] useExpPingPolling: exp_ping_success {data: Object} @ https://www.notion.so/_assets/18763-ac619dd144d51998.js:472
[ 1890753ms] [INFO] 2026-04-20T02:09:13.398Z [info] useExpPingPolling: exp_ping_success {data: Object} @ https://www.notion.so/_assets/18763-ac619dd144d51998.js:472
[ 1920757ms] [INFO] 2026-04-20T02:09:43.402Z [info] useExpPingPolling: exp_ping_success {data: Object} @ https://www.notion.so/_assets/18763-ac619dd144d51998.js:472
[ 1950752ms] [INFO] 2026-04-20T02:10:13.397Z [info] useExpPingPolling: exp_ping_success {data: Object} @ https://www.notion.so/_assets/18763-ac619dd144d51998.js:472
[ 1980753ms] [INFO] 2026-04-20T02:10:43.398Z [info] useExpPingPolling: exp_ping_success {data: Object} @ https://www.notion.so/_assets/18763-ac619dd144d51998.js:472
[ 2010755ms] [INFO] 2026-04-20T02:11:13.400Z [info] useExpPingPolling: exp_ping_success {data: Object} @ https://www.notion.so/_assets/18763-ac619dd144d51998.js:472
[ 2040755ms] [INFO] 2026-04-20T02:11:43.401Z [info] useExpPingPolling: exp_ping_success {data: Object} @ https://www.notion.so/_assets/18763-ac619dd144d51998.js:472
[ 2070750ms] [INFO] 2026-04-20T02:12:13.395Z [info] useExpPingPolling: exp_ping_success {data: Object} @ https://www.notion.so/_assets/18763-ac619dd144d51998.js:472
[ 2100760ms] [INFO] 2026-04-20T02:12:43.406Z [info] useExpPingPolling: exp_ping_success {data: Object} @ https://www.notion.so/_assets/18763-ac619dd144d51998.js:472
[ 2130754ms] [INFO] 2026-04-20T02:13:13.399Z [info] useExpPingPolling: exp_ping_success {data: Object} @ https://www.notion.so/_assets/18763-ac619dd144d51998.js:472
[ 2160755ms] [INFO] 2026-04-20T02:13:43.401Z [info] useExpPingPolling: exp_ping_success {data: Object} @ https://www.notion.so/_assets/18763-ac619dd144d51998.js:472
[ 2190754ms] [INFO] 2026-04-20T02:14:13.400Z [info] useExpPingPolling: exp_ping_success {data: Object} @ https://www.notion.so/_assets/18763-ac619dd144d51998.js:472
[ 2220755ms] [INFO] 2026-04-20T02:14:43.400Z [info] useExpPingPolling: exp_ping_success {data: Object} @ https://www.notion.so/_assets/18763-ac619dd144d51998.js:472
[ 2250754ms] [INFO] 2026-04-20T02:15:13.399Z [info] useExpPingPolling: exp_ping_success {data: Object} @ https://www.notion.so/_assets/18763-ac619dd144d51998.js:472
[ 2280765ms] [INFO] 2026-04-20T02:15:43.411Z [info] useExpPingPolling: exp_ping_success {data: Object} @ https://www.notion.so/_assets/18763-ac619dd144d51998.js:472
[ 2310747ms] [INFO] 2026-04-20T02:16:13.392Z [info] useExpPingPolling: exp_ping_success {data: Object} @ https://www.notion.so/_assets/18763-ac619dd144d51998.js:472
[ 2340747ms] [INFO] 2026-04-20T02:16:43.393Z [info] useExpPingPolling: exp_ping_success {data: Object} @ https://www.notion.so/_assets/18763-ac619dd144d51998.js:472
[ 2370755ms] [INFO] 2026-04-20T02:17:13.400Z [info] useExpPingPolling: exp_ping_success {data: Object} @ https://www.notion.so/_assets/18763-ac619dd144d51998.js:472
[ 2400750ms] [INFO] 2026-04-20T02:17:43.396Z [info] useExpPingPolling: exp_ping_success {data: Object} @ https://www.notion.so/_assets/18763-ac619dd144d51998.js:472
[ 2430753ms] [INFO] 2026-04-20T02:18:13.399Z [info] useExpPingPolling: exp_ping_success {data: Object} @ https://www.notion.so/_assets/18763-ac619dd144d51998.js:472
[ 2460755ms] [INFO] 2026-04-20T02:18:43.401Z [info] useExpPingPolling: exp_ping_success {data: Object} @ https://www.notion.so/_assets/18763-ac619dd144d51998.js:472
[ 2490751ms] [INFO] 2026-04-20T02:19:13.397Z [info] useExpPingPolling: exp_ping_success {data: Object} @ https://www.notion.so/_assets/18763-ac619dd144d51998.js:472
[ 2520751ms] [INFO] 2026-04-20T02:19:43.396Z [info] useExpPingPolling: exp_ping_success {data: Object} @ https://www.notion.so/_assets/18763-ac619dd144d51998.js:472
